<?xml version="1.0" encoding="UTF-8"?>
<!-- Generated by org.testng.reporters.JUnitXMLReporter -->
<testsuite hostname="Amaya-ПК" ignored="0" name="Surefire test" tests="11" failures="1" timestamp="20 окт 2019 13:23:50 GMT" time="81.177" errors="0">
  <testcase name="@AfterMethod stop" time="2.007" classname="ru.cmtscience.PositiveTests">
    <failure type="org.openqa.selenium.WebDriverException" message="chrome not reachable
  (Session info: chrome=77.0.3865.120)
Build info: version: &amp;apos;3.141.59&amp;apos;, revision: &amp;apos;e82be7d358&amp;apos;, time: &amp;apos;2018-11-14T08:17:03&amp;apos;
System info: host: &amp;apos;AMAYA-ПК&amp;apos;, ip: &amp;apos;192.168.1.14&amp;apos;, os.name: &amp;apos;Windows 7&amp;apos;, os.arch: &amp;apos;amd64&amp;apos;, os.version: &amp;apos;6.1&amp;apos;, java.version: &amp;apos;1.8.0_191&amp;apos;
Driver info: org.openqa.selenium.chrome.ChromeDriver
Capabilities {acceptInsecureCerts: false, browserName: chrome, browserVersion: 77.0.3865.120, chrome: {chromedriverVersion: 76.0.3809.126 (d80a294506b4..., userDataDir: C:\Users\Amaya\AppData\Loca...}, goog:chromeOptions: {debuggerAddress: localhost:50268}, javascriptEnabled: true, networkConnectionEnabled: false, pageLoadStrategy: normal, platform: XP, platformName: XP, proxy: Proxy(), setWindowRect: true, strictFileInteractability: false, timeouts: {implicit: 0, pageLoad: 300000, script: 30000}, unhandledPromptBehavior: dismiss and notify}
Session ID: 76408c8278792af893d5714c8b2a9c90">
      <![CDATA[org.openqa.selenium.WebDriverException: chrome not reachable
  (Session info: chrome=77.0.3865.120)
Build info: version: '3.141.59', revision: 'e82be7d358', time: '2018-11-14T08:17:03'
System info: host: 'AMAYA-ПК', ip: '192.168.1.14', os.name: 'Windows 7', os.arch: 'amd64', os.version: '6.1', java.version: '1.8.0_191'
Driver info: org.openqa.selenium.chrome.ChromeDriver
Capabilities {acceptInsecureCerts: false, browserName: chrome, browserVersion: 77.0.3865.120, chrome: {chromedriverVersion: 76.0.3809.126 (d80a294506b4..., userDataDir: C:\Users\Amaya\AppData\Loca...}, goog:chromeOptions: {debuggerAddress: localhost:50268}, javascriptEnabled: true, networkConnectionEnabled: false, pageLoadStrategy: normal, platform: XP, platformName: XP, proxy: Proxy(), setWindowRect: true, strictFileInteractability: false, timeouts: {implicit: 0, pageLoad: 300000, script: 30000}, unhandledPromptBehavior: dismiss and notify}
Session ID: 76408c8278792af893d5714c8b2a9c90
at org.openqa.selenium.remote.http.W3CHttpResponseCodec.createException(W3CHttpResponseCodec.java:187)
at org.openqa.selenium.remote.http.W3CHttpResponseCodec.decode(W3CHttpResponseCodec.java:122)
at org.openqa.selenium.remote.http.W3CHttpResponseCodec.decode(W3CHttpResponseCodec.java:49)
at org.openqa.selenium.remote.HttpCommandExecutor.execute(HttpCommandExecutor.java:158)
at org.openqa.selenium.remote.service.DriverCommandExecutor.execute(DriverCommandExecutor.java:83)
at org.openqa.selenium.remote.RemoteWebDriver.execute(RemoteWebDriver.java:552)
at org.openqa.selenium.remote.RemoteWebDriver.execute(RemoteWebDriver.java:609)
at org.openqa.selenium.remote.RemoteWebDriver.close(RemoteWebDriver.java:442)
at ru.cmtscience.PositiveTests.stop(PositiveTests.java:227)
... Removed 37 stack frames]]>
    </failure>
  </testcase> <!-- @AfterMethod stop -->
  <testcase name="@BeforeMethod start" time="0.0" classname="ru.cmtscience.PositiveTests">
    <skipped/>
  </testcase> <!-- @BeforeMethod start -->
  <testcase name="@AfterMethod stop" time="0.0" classname="ru.cmtscience.PositiveTests">
    <skipped/>
  </testcase> <!-- @AfterMethod stop -->
  <testcase name="@BeforeMethod start" time="0.0" classname="ru.cmtscience.PositiveTests">
    <skipped/>
  </testcase> <!-- @BeforeMethod start -->
  <testcase name="@AfterMethod stop" time="0.0" classname="ru.cmtscience.PositiveTests">
    <skipped/>
  </testcase> <!-- @AfterMethod stop -->
  <testcase name="@BeforeMethod start" time="0.0" classname="ru.cmtscience.PositiveTests">
    <skipped/>
  </testcase> <!-- @BeforeMethod start -->
  <testcase name="@AfterMethod stop" time="0.0" classname="ru.cmtscience.PositiveTests">
    <skipped/>
  </testcase> <!-- @AfterMethod stop -->
  <testcase name="@BeforeMethod start" time="0.0" classname="ru.cmtscience.PositiveTests">
    <skipped/>
  </testcase> <!-- @BeforeMethod start -->
  <testcase name="@AfterMethod stop" time="0.0" classname="ru.cmtscience.PositiveTests">
    <skipped/>
  </testcase> <!-- @AfterMethod stop -->
  <testcase name="@BeforeMethod start" time="0.0" classname="ru.cmtscience.PositiveTests">
    <skipped/>
  </testcase> <!-- @BeforeMethod start -->
  <testcase name="@AfterMethod stop" time="0.0" classname="ru.cmtscience.PositiveTests">
    <skipped/>
  </testcase> <!-- @AfterMethod stop -->
  <testcase name="@BeforeMethod start" time="0.0" classname="ru.cmtscience.PositiveTests">
    <skipped/>
  </testcase> <!-- @BeforeMethod start -->
  <testcase name="@AfterMethod stop" time="0.0" classname="ru.cmtscience.PositiveTests">
    <skipped/>
  </testcase> <!-- @AfterMethod stop -->
  <testcase name="@BeforeMethod start" time="0.0" classname="ru.cmtscience.PositiveTests">
    <skipped/>
  </testcase> <!-- @BeforeMethod start -->
  <testcase name="@AfterMethod stop" time="0.0" classname="ru.cmtscience.PositiveTests">
    <skipped/>
  </testcase> <!-- @AfterMethod stop -->
  <testcase name="@BeforeMethod start" time="0.0" classname="ru.cmtscience.PositiveTests">
    <skipped/>
  </testcase> <!-- @BeforeMethod start -->
  <testcase name="@AfterMethod stop" time="0.0" classname="ru.cmtscience.PositiveTests">
    <skipped/>
  </testcase> <!-- @AfterMethod stop -->
  <testcase name="addArticleToFavorite" time="32.947" classname="ru.cmtscience.PositiveTests"/>
  <testcase name="addProductToFavorite" time="24.751" classname="ru.cmtscience.PositiveTests"/>
  <testcase name="addToCart" time="11.156" classname="ru.cmtscience.PositiveTests">
    <failure type="org.openqa.selenium.NoSuchWindowException" message="no such window: target window already closed
from unknown error: web view not found
  (Session info: chrome=77.0.3865.120)
Build info: version: &amp;apos;3.141.59&amp;apos;, revision: &amp;apos;e82be7d358&amp;apos;, time: &amp;apos;2018-11-14T08:17:03&amp;apos;
System info: host: &amp;apos;AMAYA-ПК&amp;apos;, ip: &amp;apos;192.168.1.14&amp;apos;, os.name: &amp;apos;Windows 7&amp;apos;, os.arch: &amp;apos;amd64&amp;apos;, os.version: &amp;apos;6.1&amp;apos;, java.version: &amp;apos;1.8.0_191&amp;apos;
Driver info: org.openqa.selenium.chrome.ChromeDriver
Capabilities {acceptInsecureCerts: false, browserName: chrome, browserVersion: 77.0.3865.120, chrome: {chromedriverVersion: 76.0.3809.126 (d80a294506b4..., userDataDir: C:\Users\Amaya\AppData\Loca...}, goog:chromeOptions: {debuggerAddress: localhost:50268}, javascriptEnabled: true, networkConnectionEnabled: false, pageLoadStrategy: normal, platform: XP, platformName: XP, proxy: Proxy(), setWindowRect: true, strictFileInteractability: false, timeouts: {implicit: 0, pageLoad: 300000, script: 30000}, unhandledPromptBehavior: dismiss and notify}
Session ID: 76408c8278792af893d5714c8b2a9c90
*** Element info: {Using=class name, value=to-basket-desktop}">
      <![CDATA[org.openqa.selenium.NoSuchWindowException: no such window: target window already closed
from unknown error: web view not found
  (Session info: chrome=77.0.3865.120)
Build info: version: '3.141.59', revision: 'e82be7d358', time: '2018-11-14T08:17:03'
System info: host: 'AMAYA-ПК', ip: '192.168.1.14', os.name: 'Windows 7', os.arch: 'amd64', os.version: '6.1', java.version: '1.8.0_191'
Driver info: org.openqa.selenium.chrome.ChromeDriver
Capabilities {acceptInsecureCerts: false, browserName: chrome, browserVersion: 77.0.3865.120, chrome: {chromedriverVersion: 76.0.3809.126 (d80a294506b4..., userDataDir: C:\Users\Amaya\AppData\Loca...}, goog:chromeOptions: {debuggerAddress: localhost:50268}, javascriptEnabled: true, networkConnectionEnabled: false, pageLoadStrategy: normal, platform: XP, platformName: XP, proxy: Proxy(), setWindowRect: true, strictFileInteractability: false, timeouts: {implicit: 0, pageLoad: 300000, script: 30000}, unhandledPromptBehavior: dismiss and notify}
Session ID: 76408c8278792af893d5714c8b2a9c90
*** Element info: {Using=class name, value=to-basket-desktop}
at org.openqa.selenium.remote.http.W3CHttpResponseCodec.createException(W3CHttpResponseCodec.java:187)
at org.openqa.selenium.remote.http.W3CHttpResponseCodec.decode(W3CHttpResponseCodec.java:122)
at org.openqa.selenium.remote.http.W3CHttpResponseCodec.decode(W3CHttpResponseCodec.java:49)
at org.openqa.selenium.remote.HttpCommandExecutor.execute(HttpCommandExecutor.java:158)
at org.openqa.selenium.remote.service.DriverCommandExecutor.execute(DriverCommandExecutor.java:83)
at org.openqa.selenium.remote.RemoteWebDriver.execute(RemoteWebDriver.java:552)
at org.openqa.selenium.remote.RemoteWebDriver.findElements(RemoteWebDriver.java:353)
at org.openqa.selenium.remote.RemoteWebDriver.findElementsByClassName(RemoteWebDriver.java:416)
at org.openqa.selenium.By$ByClassName.findElements(By.java:380)
at org.openqa.selenium.remote.RemoteWebDriver.findElements(RemoteWebDriver.java:311)
at ru.cmtscience.PositiveTests.addToCart(PositiveTests.java:67)
... Removed 34 stack frames]]>
    </failure>
  </testcase> <!-- addToCart -->
  <testcase name="addVideoToFavorite" time="0.0" classname="ru.cmtscience.PositiveTests">
    <skipped/>
  </testcase> <!-- addVideoToFavorite -->
  <testcase name="changeLastName" time="0.0" classname="ru.cmtscience.PositiveTests">
    <skipped/>
  </testcase> <!-- changeLastName -->
  <testcase name="changeMail" time="0.0" classname="ru.cmtscience.PositiveTests">
    <skipped/>
  </testcase> <!-- changeMail -->
  <testcase name="changeName" time="0.0" classname="ru.cmtscience.PositiveTests">
    <skipped/>
  </testcase> <!-- changeName -->
  <testcase name="changeNumber" time="0.0" classname="ru.cmtscience.PositiveTests">
    <skipped/>
  </testcase> <!-- changeNumber -->
  <testcase name="changePatronymic" time="0.0" classname="ru.cmtscience.PositiveTests">
    <skipped/>
  </testcase> <!-- changePatronymic -->
  <testcase name="filterTest" time="0.0" classname="ru.cmtscience.PositiveTests">
    <skipped/>
  </testcase> <!-- filterTest -->
  <testcase name="loginTest" time="0.0" classname="ru.cmtscience.PositiveTests">
    <skipped/>
  </testcase> <!-- loginTest -->
</testsuite> <!-- Surefire test -->
